Loading VAE at epoch 1 with test loss 40.67625687866211
Loading MDRNN at epoch 0 with test loss 322.78018695116043
Track generation: 1236..1549 -> 313-tiles track
0 time step
1 time step
2 time step
3 time step
4 time step
5 time step
6 time step
7 time step
8 time step
9 time step
10 time step
11 time step
Track generation: 1061..1337 -> 276-tiles track
0 time step
1 time step
2 time step
3 time step
4 time step
5 time step
6 time step
7 time step
8 time step
9 time step
10 time step
11 time step
Track generation: 1301..1630 -> 329-tiles track
0 time step
1 time step
2 time step
3 time step
4 time step
5 time step
6 time step
7 time step
8 time step
9 time step
10 time step
11 time step
Track generation: 1228..1542 -> 314-tiles track
retry to generate track (normal if there are not many of this messages)
Track generation: 1044..1309 -> 265-tiles track
0 time step
1 time step
2 time step
3 time step
4 time step
5 time step
6 time step
7 time step
8 time step
9 time step
10 time step
11 time step
Track generation: 1222..1532 -> 310-tiles track
0 time step
1 time step
2 time step
3 time step
4 time step
5 time step
6 time step
7 time step
8 time step
9 time step
10 time step
11 time step
Track generation: 1049..1317 -> 268-tiles track
retry to generate track (normal if there are not many of this messages)
Track generation: 1243..1558 -> 315-tiles track
0 time step
1 time step
2 time step
3 time step
4 time step
5 time step
6 time step
7 time step
8 time step
9 time step
10 time step
11 time step
Track generation: 1067..1338 -> 271-tiles track
0 time step
1 time step
2 time step
3 time step
4 time step
5 time step
6 time step
7 time step
8 time step
9 time step
10 time step
11 time step
Track generation: 1115..1398 -> 283-tiles track
0 time step
1 time step
2 time step
3 time step
4 time step
5 time step
6 time step
7 time step
8 time step
9 time step
10 time step
11 time step
Track generation: 1115..1399 -> 284-tiles track
0 time step
1 time step
2 time step
3 time step
4 time step
5 time step
6 time step
7 time step
8 time step
9 time step
10 time step
11 time step
Track generation: 1087..1370 -> 283-tiles track
0 time step
1 time step
2 time step
3 time step
4 time step
5 time step
6 time step
7 time step
8 time step
9 time step
10 time step
11 time step
Track generation: 1308..1639 -> 331-tiles track
0 time step
1 time step
2 time step
3 time step
4 time step
5 time step
6 time step
7 time step
8 time step
9 time step
10 time step
11 time step
Track generation: 1277..1600 -> 323-tiles track
0 time step
1 time step
2 time step
3 time step
4 time step
5 time step
6 time step
7 time step
8 time step
9 time step
10 time step
11 time step
Track generation: 1019..1278 -> 259-tiles track
0 time step
1 time step
2 time step
3 time step
4 time step
5 time step
6 time step
7 time step
8 time step
9 time step
10 time step
11 time step
Track generation: 1068..1339 -> 271-tiles track
0 time step
1 time step
2 time step
3 time step
4 time step
5 time step
6 time step
7 time step
8 time step
9 time step
10 time step
11 time step
Track generation: 1024..1286 -> 262-tiles track
retry to generate track (normal if there are not many of this messages)
Track generation: 1291..1618 -> 327-tiles track
0 time step
1 time step
2 time step
3 time step
4 time step
5 time step
6 time step
7 time step
8 time step
9 time step
10 time step
11 time step
Track generation: 1132..1419 -> 287-tiles track
0 time step
1 time step
2 time step
3 time step
4 time step
5 time step
6 time step
7 time step
8 time step
9 time step
10 time step
11 time step
Track generation: 1153..1445 -> 292-tiles track
0 time step
1 time step
2 time step
3 time step
4 time step
5 time step
6 time step
7 time step
8 time step
9 time step
10 time step
11 time step
Track generation: 1171..1468 -> 297-tiles track
0 time step
1 time step
2 time step
3 time step
4 time step
5 time step
6 time step
7 time step
8 time step
9 time step
10 time step
11 time step
Track generation: 1188..1492 -> 304-tiles track
retry to generate track (normal if there are not many of this messages)
Track generation: 1130..1421 -> 291-tiles track
0 time step
1 time step
2 time step
3 time step
4 time step
5 time step
6 time step
7 time step
8 time step
9 time step
10 time step
11 time step
Track generation: 981..1232 -> 251-tiles track
retry to generate track (normal if there are not many of this messages)
Track generation: 1121..1405 -> 284-tiles track
0 time step
1 time step
2 time step
3 time step
4 time step
5 time step
6 time step
7 time step
8 time step
9 time step
10 time step
11 time step
Track generation: 1196..1504 -> 308-tiles track
0 time step
1 time step
2 time step
3 time step
4 time step
5 time step
6 time step
7 time step
8 time step
9 time step
10 time step
11 time step
Track generation: 1166..1462 -> 296-tiles track
0 time step
1 time step
2 time step
3 time step
4 time step
5 time step
6 time step
7 time step
8 time step
9 time step
10 time step
11 time step
Track generation: 1007..1263 -> 256-tiles track
0 time step
1 time step
2 time step
3 time step
4 time step
5 time step
6 time step
7 time step
8 time step
9 time step
10 time step
11 time step
Track generation: 1176..1474 -> 298-tiles track
0 time step
1 time step
2 time step
3 time step
4 time step
5 time step
6 time step
7 time step
8 time step
9 time step
10 time step
11 time step
Track generation: 1090..1366 -> 276-tiles track
0 time step
1 time step
2 time step
3 time step
4 time step
5 time step
6 time step
7 time step
8 time step
9 time step
10 time step
11 time step
Track generation: 1137..1427 -> 290-tiles track
retry to generate track (normal if there are not many of this messages)
Track generation: 1000..1254 -> 254-tiles track
0 time step
1 time step
2 time step
3 time step
4 time step
5 time step
6 time step
7 time step
8 time step
9 time step
10 time step
11 time step
Track generation: 1060..1329 -> 269-tiles track
0 time step
1 time step
2 time step
3 time step
4 time step
5 time step
6 time step
7 time step
8 time step
9 time step
10 time step
11 time step
Track generation: 1022..1286 -> 264-tiles track
0 time step
1 time step
2 time step
3 time step
4 time step
5 time step
6 time step
7 time step
8 time step
9 time step
10 time step
11 time step
Track generation: 1251..1568 -> 317-tiles track
0 time step
1 time step
2 time step
3 time step
4 time step
5 time step
6 time step
7 time step
8 time step
9 time step
10 time step
11 time step
Track generation: 1179..1487 -> 308-tiles track
0 time step
1 time step
2 time step
3 time step
4 time step
5 time step
6 time step
7 time step
8 time step
9 time step
10 time step
11 time step
Track generation: 1088..1372 -> 284-tiles track
0 time step
1 time step
2 time step
3 time step
4 time step
5 time step
6 time step
7 time step
8 time step
9 time step
10 time step
11 time step
Track generation: 1116..1399 -> 283-tiles track
0 time step
1 time step
2 time step
3 time step
4 time step
5 time step
6 time step
7 time step
8 time step
9 time step
10 time step
11 time step
Track generation: 1140..1429 -> 289-tiles track
0 time step
1 time step
2 time step
3 time step
4 time step
5 time step
6 time step
7 time step
8 time step
9 time step
10 time step
11 time step
Track generation: 1223..1533 -> 310-tiles track
0 time step
1 time step
2 time step
3 time step
4 time step
5 time step
6 time step
7 time step
8 time step
9 time step
10 time step
11 time step
Track generation: 1064..1339 -> 275-tiles track
0 time step
1 time step
2 time step
3 time step
4 time step
5 time step
6 time step
7 time step
8 time step
9 time step
10 time step
11 time step
Track generation: 1097..1379 -> 282-tiles track
retry to generate track (normal if there are not many of this messages)
Track generation: 1171..1467 -> 296-tiles track
0 time step
1 time step
2 time step
3 time step
4 time step
5 time step
6 time step
7 time step
8 time step
9 time step
10 time step
11 time step
Track generation: 1171..1468 -> 297-tiles track
0 time step
1 time step
2 time step
3 time step
4 time step
5 time step
6 time step
7 time step
8 time step
9 time step
10 time step
11 time step
Track generation: 1235..1548 -> 313-tiles track
0 time step
1 time step
2 time step
3 time step
4 time step
5 time step
6 time step
7 time step
8 time step
9 time step
10 time step
11 time step
Track generation: 1090..1371 -> 281-tiles track
0 time step
1 time step
2 time step
3 time step
4 time step
5 time step
6 time step
7 time step
8 time step
9 time step
10 time step
11 time step
Track generation: 1252..1569 -> 317-tiles track
0 time step
1 time step
2 time step
3 time step
4 time step
5 time step
6 time step
7 time step
8 time step
9 time step
10 time step
11 time step
Track generation: 1147..1438 -> 291-tiles track
0 time step
1 time step
2 time step
3 time step
4 time step
5 time step
6 time step
7 time step
8 time step
9 time step
10 time step
11 time step
Track generation: 1012..1269 -> 257-tiles track
0 time step
1 time step
2 time step
3 time step
4 time step
5 time step
6 time step
7 time step
8 time step
9 time step
10 time step
11 time step
Track generation: 1100..1379 -> 279-tiles track
0 time step
1 time step
2 time step
3 time step
4 time step
5 time step
6 time step
7 time step
8 time step
9 time step
10 time step
11 time step
Track generation: 1108..1389 -> 281-tiles track
0 time step
1 time step
2 time step
3 time step
4 time step
5 time step
6 time step
7 time step
8 time step
9 time step
10 time step
11 time step
Track generation: 1252..1569 -> 317-tiles track
0 time step
1 time step
2 time step
3 time step
4 time step
5 time step
6 time step
7 time step
8 time step
9 time step
10 time step
11 time step
Track generation: 1118..1402 -> 284-tiles track
0 time step
1 time step
2 time step
3 time step
4 time step
5 time step
6 time step
7 time step
8 time step
9 time step
10 time step
11 time step
Track generation: 1122..1405 -> 283-tiles track
0 time step
1 time step
2 time step
3 time step
4 time step
5 time step
6 time step
7 time step
8 time step
9 time step
10 time step
11 time step
Track generation: 1251..1568 -> 317-tiles track
0 time step
1 time step
2 time step
3 time step
4 time step
5 time step
6 time step
7 time step
8 time step
9 time step
10 time step
11 time step
Track generation: 1044..1309 -> 265-tiles track
0 time step
1 time step
2 time step
3 time step
4 time step
5 time step
6 time step
7 time step
8 time step
9 time step
10 time step
11 time step
Track generation: 1128..1414 -> 286-tiles track
0 time step
1 time step
2 time step
3 time step
4 time step
5 time step
6 time step
7 time step
8 time step
9 time step
10 time step
11 time step
Track generation: 1124..1409 -> 285-tiles track
0 time step
1 time step
2 time step
3 time step
4 time step
5 time step
6 time step
7 time step
8 time step
9 time step
10 time step
11 time step
Track generation: 1156..1457 -> 301-tiles track
0 time step
1 time step
2 time step
3 time step
4 time step
5 time step
6 time step
7 time step
8 time step
9 time step
10 time step
11 time step
Track generation: 1076..1349 -> 273-tiles track
0 time step
1 time step
2 time step
3 time step
4 time step
5 time step
6 time step
7 time step
8 time step
9 time step
10 time step
11 time step
Track generation: 1189..1490 -> 301-tiles track
0 time step
1 time step
2 time step
3 time step
4 time step
5 time step
6 time step
7 time step
8 time step
9 time step
10 time step
11 time step
Track generation: 1107..1388 -> 281-tiles track
0 time step
1 time step
2 time step
3 time step
4 time step
5 time step
6 time step
7 time step
8 time step
9 time step
10 time step
11 time step
Track generation: 1239..1553 -> 314-tiles track
0 time step
1 time step
2 time step
3 time step
4 time step
5 time step
6 time step
7 time step
8 time step
9 time step
10 time step
11 time step
Track generation: 1179..1478 -> 299-tiles track
0 time step
1 time step
2 time step
3 time step
4 time step
5 time step
6 time step
7 time step
8 time step
9 time step
10 time step
11 time step
Track generation: 1035..1298 -> 263-tiles track
0 time step
1 time step
2 time step
3 time step
4 time step
5 time step
6 time step
7 time step
8 time step
9 time step
10 time step
11 time step
Track generation: 1119..1413 -> 294-tiles track
0 time step
1 time step
2 time step
3 time step
4 time step
5 time step
6 time step
7 time step
8 time step
9 time step
10 time step
11 time step
Track generation: 1115..1398 -> 283-tiles track
0 time step
1 time step
2 time step
3 time step
4 time step
5 time step
6 time step
7 time step
8 time step
9 time step
10 time step
11 time step
Track generation: 1058..1328 -> 270-tiles track
0 time step
1 time step
2 time step
3 time step
4 time step
5 time step
6 time step
7 time step
8 time step
9 time step
10 time step
11 time step
Track generation: 1157..1448 -> 291-tiles track
retry to generate track (normal if there are not many of this messages)
Track generation: 1071..1343 -> 272-tiles track
0 time step
1 time step
2 time step
3 time step
4 time step
5 time step
6 time step
7 time step
8 time step
9 time step
10 time step
