Loading VAE at epoch 1 with test loss 40.67625687866211
Loading MDRNN at epoch 0 with test loss 322.78018695116043
Track generation: 1188..1489 -> 301-tiles track
0 time step
1 time step
2 time step
3 time step
4 time step
5 time step
6 time step
7 time step
8 time step
9 time step
10 time step
11 time step
Track generation: 1309..1640 -> 331-tiles track
0 time step
1 time step
2 time step
3 time step
4 time step
5 time step
6 time step
7 time step
8 time step
9 time step
10 time step
11 time step
Track generation: 1217..1526 -> 309-tiles track
0 time step
1 time step
2 time step
3 time step
4 time step
5 time step
6 time step
7 time step
8 time step
9 time step
10 time step
11 time step
Track generation: 1219..1528 -> 309-tiles track
0 time step
1 time step
2 time step
3 time step
4 time step
5 time step
6 time step
7 time step
8 time step
9 time step
10 time step
11 time step
Track generation: 1002..1263 -> 261-tiles track
0 time step
1 time step
2 time step
3 time step
4 time step
5 time step
6 time step
7 time step
8 time step
9 time step
10 time step
11 time step
Track generation: 1155..1448 -> 293-tiles track
0 time step
1 time step
2 time step
3 time step
4 time step
5 time step
6 time step
7 time step
8 time step
9 time step
10 time step
11 time step
Track generation: 1231..1543 -> 312-tiles track
0 time step
1 time step
2 time step
3 time step
4 time step
5 time step
6 time step
7 time step
8 time step
9 time step
10 time step
11 time step
Track generation: 1100..1379 -> 279-tiles track
0 time step
1 time step
2 time step
3 time step
4 time step
5 time step
6 time step
7 time step
8 time step
9 time step
10 time step
11 time step
Track generation: 1265..1585 -> 320-tiles track
0 time step
1 time step
2 time step
3 time step
4 time step
5 time step
6 time step
7 time step
8 time step
9 time step
10 time step
11 time step
Track generation: 1188..1489 -> 301-tiles track
0 time step
1 time step
2 time step
3 time step
4 time step
5 time step
6 time step
7 time step
8 time step
9 time step
10 time step
11 time step
Track generation: 1128..1414 -> 286-tiles track
0 time step
1 time step
2 time step
3 time step
4 time step
5 time step
6 time step
7 time step
8 time step
9 time step
10 time step
11 time step
Track generation: 1123..1408 -> 285-tiles track
0 time step
1 time step
2 time step
3 time step
4 time step
5 time step
6 time step
7 time step
8 time step
9 time step
10 time step
11 time step
Track generation: 1156..1449 -> 293-tiles track
0 time step
1 time step
2 time step
3 time step
4 time step
5 time step
6 time step
7 time step
8 time step
9 time step
10 time step
11 time step
Track generation: 1063..1340 -> 277-tiles track
0 time step
1 time step
2 time step
3 time step
4 time step
5 time step
6 time step
7 time step
8 time step
9 time step
10 time step
11 time step
Track generation: 1105..1387 -> 282-tiles track
retry to generate track (normal if there are not many of this messages)
Track generation: 972..1219 -> 247-tiles track
0 time step
1 time step
2 time step
3 time step
4 time step
5 time step
6 time step
7 time step
8 time step
9 time step
10 time step
11 time step
Track generation: 1167..1463 -> 296-tiles track
0 time step
1 time step
2 time step
3 time step
4 time step
5 time step
6 time step
7 time step
8 time step
9 time step
10 time step
11 time step
Track generation: 1235..1548 -> 313-tiles track
0 time step
1 time step
2 time step
3 time step
4 time step
5 time step
6 time step
7 time step
8 time step
9 time step
10 time step
11 time step
Track generation: 1052..1319 -> 267-tiles track
0 time step
1 time step
2 time step
3 time step
4 time step
5 time step
6 time step
7 time step
8 time step
9 time step
10 time step
11 time step
Track generation: 1118..1408 -> 290-tiles track
0 time step
1 time step
2 time step
3 time step
4 time step
5 time step
6 time step
7 time step
8 time step
9 time step
10 time step
11 time step
Track generation: 1339..1678 -> 339-tiles track
0 time step
1 time step
2 time step
3 time step
4 time step
5 time step
6 time step
7 time step
8 time step
9 time step
10 time step
11 time step
Track generation: 1100..1379 -> 279-tiles track
0 time step
1 time step
2 time step
3 time step
4 time step
5 time step
6 time step
7 time step
8 time step
9 time step
10 time step
11 time step
Track generation: 1248..1564 -> 316-tiles track
0 time step
1 time step
2 time step
3 time step
4 time step
5 time step
6 time step
7 time step
8 time step
9 time step
10 time step
11 time step
Track generation: 1108..1396 -> 288-tiles track
0 time step
1 time step
2 time step
3 time step
4 time step
5 time step
6 time step
7 time step
8 time step
9 time step
10 time step
11 time step
Track generation: 997..1254 -> 257-tiles track
0 time step
1 time step
2 time step
3 time step
4 time step
5 time step
6 time step
7 time step
8 time step
9 time step
10 time step
11 time step
Track generation: 1295..1623 -> 328-tiles track
0 time step
1 time step
2 time step
3 time step
4 time step
5 time step
6 time step
7 time step
8 time step
9 time step
10 time step
11 time step
Track generation: 1092..1369 -> 277-tiles track
0 time step
1 time step
2 time step
3 time step
4 time step
5 time step
6 time step
7 time step
8 time step
9 time step
10 time step
11 time step
Track generation: 1043..1315 -> 272-tiles track
0 time step
1 time step
2 time step
3 time step
4 time step
5 time step
6 time step
7 time step
8 time step
9 time step
10 time step
11 time step
Track generation: 1123..1408 -> 285-tiles track
0 time step
1 time step
2 time step
3 time step
4 time step
5 time step
6 time step
7 time step
8 time step
9 time step
10 time step
11 time step
Track generation: 1062..1342 -> 280-tiles track
0 time step
1 time step
2 time step
3 time step
4 time step
5 time step
6 time step
7 time step
8 time step
9 time step
10 time step
11 time step
Track generation: 1168..1464 -> 296-tiles track
0 time step
1 time step
2 time step
3 time step
4 time step
5 time step
6 time step
7 time step
8 time step
9 time step
10 time step
11 time step
Track generation: 1302..1632 -> 330-tiles track
0 time step
1 time step
2 time step
3 time step
4 time step
5 time step
6 time step
7 time step
8 time step
9 time step
10 time step
11 time step
Track generation: 1270..1591 -> 321-tiles track
0 time step
1 time step
2 time step
3 time step
4 time step
5 time step
6 time step
7 time step
8 time step
9 time step
10 time step
11 time step
Track generation: 1092..1369 -> 277-tiles track
0 time step
1 time step
2 time step
3 time step
4 time step
5 time step
6 time step
7 time step
8 time step
9 time step
10 time step
11 time step
Track generation: 1203..1508 -> 305-tiles track
0 time step
1 time step
2 time step
3 time step
4 time step
5 time step
6 time step
7 time step
8 time step
9 time step
10 time step
11 time step
Track generation: 897..1128 -> 231-tiles track
retry to generate track (normal if there are not many of this messages)
Track generation: 1348..1689 -> 341-tiles track
0 time step
1 time step
2 time step
3 time step
4 time step
5 time step
6 time step
7 time step
8 time step
9 time step
10 time step
11 time step
Track generation: 1123..1408 -> 285-tiles track
0 time step
1 time step
2 time step
3 time step
4 time step
5 time step
6 time step
7 time step
8 time step
9 time step
10 time step
11 time step
Track generation: 1207..1525 -> 318-tiles track
0 time step
1 time step
2 time step
3 time step
4 time step
5 time step
6 time step
7 time step
8 time step
9 time step
10 time step
11 time step
Track generation: 1151..1443 -> 292-tiles track
0 time step
1 time step
2 time step
3 time step
4 time step
5 time step
6 time step
7 time step
8 time step
9 time step
10 time step
11 time step
Track generation: 1203..1508 -> 305-tiles track
0 time step
1 time step
2 time step
3 time step
4 time step
5 time step
6 time step
7 time step
8 time step
9 time step
10 time step
11 time step
Track generation: 1166..1469 -> 303-tiles track
0 time step
1 time step
2 time step
3 time step
4 time step
5 time step
6 time step
7 time step
8 time step
9 time step
10 time step
11 time step
Track generation: 1128..1414 -> 286-tiles track
0 time step
1 time step
2 time step
3 time step
4 time step
5 time step
6 time step
7 time step
8 time step
9 time step
10 time step
11 time step
Track generation: 1059..1328 -> 269-tiles track
0 time step
1 time step
2 time step
3 time step
4 time step
5 time step
6 time step
7 time step
8 time step
9 time step
10 time step
11 time step
Track generation: 1176..1474 -> 298-tiles track
0 time step
1 time step
2 time step
3 time step
4 time step
5 time step
6 time step
7 time step
8 time step
9 time step
10 time step
11 time step
Track generation: 1504..1884 -> 380-tiles track
0 time step
1 time step
2 time step
3 time step
4 time step
5 time step
6 time step
7 time step
8 time step
9 time step
10 time step
11 time step
Track generation: 1104..1384 -> 280-tiles track
0 time step
1 time step
2 time step
3 time step
4 time step
5 time step
6 time step
7 time step
8 time step
9 time step
10 time step
11 time step
Track generation: 1281..1605 -> 324-tiles track
0 time step
1 time step
2 time step
3 time step
4 time step
5 time step
6 time step
7 time step
8 time step
9 time step
10 time step
11 time step
Track generation: 1109..1391 -> 282-tiles track
0 time step
1 time step
2 time step
3 time step
4 time step
5 time step
6 time step
7 time step
8 time step
9 time step
10 time step
11 time step
Track generation: 1324..1659 -> 335-tiles track
0 time step
1 time step
2 time step
3 time step
4 time step
5 time step
6 time step
7 time step
8 time step
9 time step
10 time step
11 time step
Track generation: 1227..1538 -> 311-tiles track
0 time step
1 time step
2 time step
3 time step
4 time step
5 time step
6 time step
7 time step
8 time step
9 time step
10 time step
11 time step
Track generation: 1299..1628 -> 329-tiles track
0 time step
1 time step
2 time step
3 time step
4 time step
5 time step
6 time step
7 time step
8 time step
9 time step
10 time step
11 time step
Track generation: 1156..1449 -> 293-tiles track
0 time step
1 time step
2 time step
3 time step
4 time step
5 time step
6 time step
7 time step
8 time step
9 time step
10 time step
11 time step
Track generation: 1058..1327 -> 269-tiles track
0 time step
1 time step
2 time step
3 time step
4 time step
5 time step
6 time step
7 time step
8 time step
9 time step
10 time step
11 time step
Track generation: 1115..1398 -> 283-tiles track
0 time step
1 time step
2 time step
3 time step
4 time step
5 time step
6 time step
7 time step
8 time step
9 time step
10 time step
11 time step
Track generation: 1275..1597 -> 322-tiles track
0 time step
1 time step
2 time step
3 time step
4 time step
5 time step
6 time step
7 time step
8 time step
9 time step
10 time step
11 time step
Track generation: 1460..1829 -> 369-tiles track
0 time step
1 time step
2 time step
3 time step
4 time step
5 time step
6 time step
7 time step
8 time step
9 time step
10 time step
11 time step
Track generation: 1038..1308 -> 270-tiles track
0 time step
1 time step
2 time step
3 time step
4 time step
5 time step
6 time step
7 time step
8 time step
9 time step
10 time step
11 time step
Track generation: 1196..1499 -> 303-tiles track
0 time step
1 time step
2 time step
3 time step
4 time step
5 time step
6 time step
7 time step
8 time step
9 time step
10 time step
11 time step
Track generation: 1065..1343 -> 278-tiles track
0 time step
1 time step
2 time step
3 time step
4 time step
5 time step
6 time step
7 time step
8 time step
9 time step
10 time step
11 time step
Track generation: 1160..1454 -> 294-tiles track
0 time step
1 time step
2 time step
3 time step
4 time step
5 time step
6 time step
7 time step
8 time step
9 time step
10 time step
11 time step
Track generation: 1075..1348 -> 273-tiles track
0 time step
1 time step
2 time step
3 time step
4 time step
5 time step
6 time step
7 time step
8 time step
9 time step
10 time step
11 time step
Track generation: 1305..1635 -> 330-tiles track
0 time step
1 time step
2 time step
3 time step
4 time step
5 time step
6 time step
7 time step
8 time step
9 time step
10 time step
11 time step
Track generation: 1164..1459 -> 295-tiles track
0 time step
1 time step
2 time step
