/home/vishaal/.local/lib/python3.5/site-packages/torch/nn/functional.py:1006: UserWarning: nn.functional.sigmoid is deprecated. Use torch.sigmoid instead.
  warnings.warn("nn.functional.sigmoid is deprecated. Use torch.sigmoid instead.")
Process Process-10:
Traceback (most recent call last):
  File "/usr/lib/python3.5/multiprocessing/process.py", line 249, in _bootstrap
    self.run()
  File "/usr/lib/python3.5/multiprocessing/process.py", line 93, in run
    self._target(*self._args, **self._kwargs)
  File "traincontroller_cmaes_vae.py", line 102, in slave_routine
    r_queue.put((s_id, r_gen.rollout(params)))
  File "/home/vishaal/Desktop/Projects/RL/world-models-master/utils/misc.py", line 192, in rollout
    obs, reward, done, _ = self.env.step(action)
  File "/home/vishaal/.local/lib/python3.5/site-packages/gym/wrappers/time_limit.py", line 16, in step
    observation, reward, done, info = self.env.step(action)
  File "/home/vishaal/.local/lib/python3.5/site-packages/gym/envs/box2d/car_racing.py", line 323, in step
    self.state = self.render("state_pixels")
  File "/home/vishaal/.local/lib/python3.5/site-packages/gym/envs/box2d/car_racing.py", line 377, in render
    win.clear()
  File "/home/vishaal/.local/lib/python3.5/site-packages/pyglet/window/__init__.py", line 1228, in clear
    gl.glClear(gl.GL_COLOR_BUFFER_BIT | gl.GL_DEPTH_BUFFER_BIT)
  File "/home/vishaal/.local/lib/python3.5/site-packages/pyglet/gl/lib.py", line 85, in errcheck
    def errcheck(result, func, arguments):
KeyboardInterrupt
