Loading VAE at epoch 1 with test loss 40.67625687866211
Loading MDRNN at epoch 0 with test loss 322.78018695116043
Track generation: 1245..1561 -> 316-tiles track
0 time step
1 time step
2 time step
3 time step
4 time step
5 time step
6 time step
7 time step
8 time step
9 time step
10 time step
11 time step
Track generation: 1175..1473 -> 298-tiles track
0 time step
1 time step
2 time step
3 time step
4 time step
5 time step
6 time step
7 time step
8 time step
9 time step
10 time step
11 time step
Track generation: 1103..1383 -> 280-tiles track
0 time step
1 time step
2 time step
3 time step
4 time step
5 time step
6 time step
7 time step
8 time step
9 time step
10 time step
11 time step
Track generation: 1144..1434 -> 290-tiles track
0 time step
1 time step
2 time step
3 time step
4 time step
5 time step
6 time step
7 time step
8 time step
9 time step
10 time step
11 time step
Track generation: 1227..1538 -> 311-tiles track
0 time step
1 time step
2 time step
3 time step
4 time step
5 time step
6 time step
7 time step
8 time step
9 time step
10 time step
11 time step
Track generation: 1168..1464 -> 296-tiles track
0 time step
1 time step
2 time step
3 time step
4 time step
5 time step
6 time step
7 time step
8 time step
9 time step
10 time step
11 time step
Track generation: 1080..1354 -> 274-tiles track
0 time step
1 time step
2 time step
3 time step
4 time step
5 time step
6 time step
7 time step
8 time step
9 time step
10 time step
11 time step
Track generation: 1156..1449 -> 293-tiles track
0 time step
1 time step
2 time step
3 time step
4 time step
5 time step
6 time step
7 time step
8 time step
9 time step
10 time step
11 time step
Track generation: 1277..1600 -> 323-tiles track
0 time step
1 time step
2 time step
3 time step
4 time step
5 time step
6 time step
7 time step
8 time step
9 time step
10 time step
11 time step
Track generation: 1039..1303 -> 264-tiles track
0 time step
1 time step
2 time step
3 time step
4 time step
5 time step
6 time step
7 time step
8 time step
9 time step
10 time step
11 time step
Track generation: 1152..1444 -> 292-tiles track
0 time step
1 time step
2 time step
3 time step
4 time step
5 time step
6 time step
7 time step
8 time step
9 time step
10 time step
11 time step
Track generation: 1010..1272 -> 262-tiles track
0 time step
1 time step
2 time step
3 time step
4 time step
5 time step
6 time step
7 time step
8 time step
9 time step
10 time step
11 time step
Track generation: 1137..1425 -> 288-tiles track
0 time step
1 time step
2 time step
3 time step
4 time step
5 time step
6 time step
7 time step
8 time step
9 time step
10 time step
11 time step
Track generation: 1181..1480 -> 299-tiles track
0 time step
1 time step
2 time step
3 time step
4 time step
5 time step
6 time step
7 time step
8 time step
9 time step
10 time step
11 time step
Track generation: 1160..1454 -> 294-tiles track
0 time step
1 time step
2 time step
3 time step
4 time step
5 time step
6 time step
7 time step
8 time step
9 time step
10 time step
11 time step
Track generation: 1017..1275 -> 258-tiles track
0 time step
1 time step
2 time step
3 time step
4 time step
5 time step
6 time step
7 time step
8 time step
9 time step
10 time step
11 time step
Track generation: 1126..1420 -> 294-tiles track
0 time step
1 time step
2 time step
3 time step
4 time step
5 time step
6 time step
7 time step
8 time step
9 time step
10 time step
11 time step
Track generation: 1278..1610 -> 332-tiles track
0 time step
1 time step
2 time step
3 time step
4 time step
5 time step
6 time step
7 time step
8 time step
9 time step
10 time step
11 time step
Track generation: 1165..1460 -> 295-tiles track
0 time step
1 time step
2 time step
3 time step
4 time step
5 time step
6 time step
7 time step
8 time step
9 time step
10 time step
11 time step
Track generation: 1148..1439 -> 291-tiles track
0 time step
1 time step
2 time step
3 time step
4 time step
5 time step
6 time step
7 time step
8 time step
9 time step
10 time step
11 time step
Track generation: 1220..1529 -> 309-tiles track
0 time step
1 time step
2 time step
3 time step
4 time step
5 time step
6 time step
7 time step
8 time step
9 time step
10 time step
11 time step
Track generation: 1263..1583 -> 320-tiles track
0 time step
1 time step
2 time step
3 time step
4 time step
5 time step
6 time step
7 time step
8 time step
9 time step
10 time step
11 time step
Track generation: 1252..1569 -> 317-tiles track
0 time step
1 time step
2 time step
3 time step
4 time step
5 time step
6 time step
7 time step
8 time step
9 time step
10 time step
11 time step
Track generation: 1145..1440 -> 295-tiles track
0 time step
1 time step
2 time step
3 time step
4 time step
5 time step
6 time step
7 time step
8 time step
9 time step
10 time step
11 time step
Track generation: 1122..1407 -> 285-tiles track
0 time step
1 time step
2 time step
3 time step
4 time step
5 time step
6 time step
7 time step
8 time step
9 time step
10 time step
11 time step
Track generation: 1045..1317 -> 272-tiles track
0 time step
1 time step
2 time step
3 time step
4 time step
5 time step
6 time step
7 time step
8 time step
9 time step
10 time step
11 time step
Track generation: 989..1243 -> 254-tiles track
retry to generate track (normal if there are not many of this messages)
Track generation: 1059..1330 -> 271-tiles track
retry to generate track (normal if there are not many of this messages)
Track generation: 1185..1491 -> 306-tiles track
0 time step
1 time step
2 time step
3 time step
4 time step
5 time step
6 time step
7 time step
8 time step
9 time step
10 time step
11 time step
Track generation: 1151..1443 -> 292-tiles track
0 time step
1 time step
2 time step
3 time step
4 time step
5 time step
6 time step
7 time step
8 time step
9 time step
10 time step
11 time step
Track generation: 1040..1307 -> 267-tiles track
retry to generate track (normal if there are not many of this messages)
Track generation: 1212..1519 -> 307-tiles track
0 time step
1 time step
2 time step
3 time step
4 time step
5 time step
6 time step
7 time step
8 time step
9 time step
10 time step
11 time step
Track generation: 1059..1328 -> 269-tiles track
0 time step
1 time step
2 time step
3 time step
4 time step
5 time step
6 time step
7 time step
8 time step
9 time step
10 time step
11 time step
Track generation: 1157..1450 -> 293-tiles track
0 time step
1 time step
2 time step
3 time step
4 time step
5 time step
6 time step
7 time step
8 time step
9 time step
10 time step
11 time step
Track generation: 1192..1494 -> 302-tiles track
0 time step
1 time step
2 time step
3 time step
4 time step
5 time step
6 time step
7 time step
8 time step
9 time step
10 time step
11 time step
Track generation: 1152..1444 -> 292-tiles track
0 time step
1 time step
2 time step
3 time step
4 time step
5 time step
6 time step
7 time step
8 time step
9 time step
10 time step
11 time step
Track generation: 1091..1368 -> 277-tiles track
0 time step
1 time step
2 time step
3 time step
4 time step
5 time step
6 time step
7 time step
8 time step
9 time step
10 time step
11 time step
Track generation: 1063..1344 -> 281-tiles track
retry to generate track (normal if there are not many of this messages)
Track generation: 1133..1427 -> 294-tiles track
0 time step
1 time step
2 time step
3 time step
4 time step
5 time step
6 time step
7 time step
8 time step
9 time step
10 time step
11 time step
Track generation: 1123..1408 -> 285-tiles track
0 time step
1 time step
2 time step
3 time step
4 time step
5 time step
6 time step
7 time step
8 time step
9 time step
10 time step
11 time step
Track generation: 1212..1521 -> 309-tiles track
retry to generate track (normal if there are not many of this messages)
Track generation: 1089..1365 -> 276-tiles track
0 time step
1 time step
2 time step
3 time step
4 time step
5 time step
6 time step
7 time step
8 time step
9 time step
10 time step
11 time step
Track generation: 1123..1410 -> 287-tiles track
retry to generate track (normal if there are not many of this messages)
Track generation: 1049..1319 -> 270-tiles track
0 time step
1 time step
2 time step
3 time step
4 time step
5 time step
6 time step
7 time step
8 time step
9 time step
10 time step
11 time step
Track generation: 1149..1440 -> 291-tiles track
0 time step
1 time step
2 time step
3 time step
4 time step
5 time step
6 time step
7 time step
8 time step
9 time step
10 time step
11 time step
Track generation: 1135..1423 -> 288-tiles track
0 time step
1 time step
2 time step
3 time step
4 time step
5 time step
6 time step
7 time step
8 time step
9 time step
10 time step
11 time step
Track generation: 1159..1453 -> 294-tiles track
0 time step
1 time step
2 time step
3 time step
4 time step
5 time step
6 time step
7 time step
8 time step
9 time step
10 time step
11 time step
Track generation: 1285..1611 -> 326-tiles track
0 time step
1 time step
2 time step
3 time step
4 time step
5 time step
6 time step
7 time step
8 time step
9 time step
10 time step
11 time step
Track generation: 1051..1318 -> 267-tiles track
0 time step
1 time step
2 time step
3 time step
4 time step
5 time step
6 time step
7 time step
8 time step
9 time step
10 time step
11 time step
Track generation: 1125..1411 -> 286-tiles track
0 time step
1 time step
2 time step
3 time step
4 time step
5 time step
6 time step
7 time step
8 time step
9 time step
10 time step
11 time step
Track generation: 1271..1593 -> 322-tiles track
0 time step
1 time step
2 time step
3 time step
4 time step
5 time step
6 time step
7 time step
8 time step
9 time step
10 time step
11 time step
Track generation: 1481..1855 -> 374-tiles track
0 time step
1 time step
2 time step
3 time step
4 time step
5 time step
6 time step
7 time step
8 time step
9 time step
10 time step
11 time step
Track generation: 950..1198 -> 248-tiles track
0 time step
1 time step
2 time step
3 time step
4 time step
5 time step
6 time step
7 time step
8 time step
9 time step
10 time step
11 time step
Track generation: 1093..1370 -> 277-tiles track
0 time step
1 time step
2 time step
3 time step
4 time step
5 time step
6 time step
7 time step
8 time step
9 time step
10 time step
11 time step
Track generation: 1164..1469 -> 305-tiles track
0 time step
1 time step
2 time step
3 time step
4 time step
5 time step
6 time step
7 time step
8 time step
9 time step
10 time step
11 time step
Track generation: 1039..1303 -> 264-tiles track
0 time step
1 time step
2 time step
3 time step
4 time step
5 time step
6 time step
7 time step
8 time step
9 time step
10 time step
11 time step
Track generation: 1076..1349 -> 273-tiles track
0 time step
1 time step
2 time step
3 time step
4 time step
5 time step
6 time step
7 time step
8 time step
9 time step
10 time step
11 time step
Track generation: 1228..1546 -> 318-tiles track
0 time step
1 time step
2 time step
3 time step
4 time step
5 time step
6 time step
7 time step
8 time step
9 time step
10 time step
11 time step
Track generation: 1048..1314 -> 266-tiles track
0 time step
1 time step
2 time step
3 time step
4 time step
5 time step
6 time step
7 time step
8 time step
9 time step
10 time step
11 time step
Track generation: 1251..1567 -> 316-tiles track
0 time step
1 time step
2 time step
3 time step
4 time step
5 time step
6 time step
7 time step
8 time step
9 time step
10 time step
11 time step
Track generation: 1220..1529 -> 309-tiles track
0 time step
1 time step
2 time step
3 time step
4 time step
5 time step
6 time step
7 time step
8 time step
9 time step
10 time step
11 time step
Track generation: 1148..1439 -> 291-tiles track
0 time step
1 time step
2 time step
3 time step
4 time step
5 time step
6 time step
7 time step
8 time step
9 time step
10 time step
11 time step
Track generation: 1248..1564 -> 316-tiles track
0 time step
1 time step
2 time step
3 time step
4 time step
5 time step
6 time step
7 time step
8 time step
9 time step
10 time step
11 time step
Track generation: 1181..1480 -> 299-tiles track
0 time step
1 time step
2 time step
3 time step
4 time step
5 time step
6 time step
7 time step
8 time step
9 time step
10 time step
11 time step
Track generation: 1179..1478 -> 299-tiles track
0 time step
1 time step
2 time step
3 time step
4 time step
5 time step
6 time step
7 time step
8 time step
9 time step
10 time step
11 time step
Track generation: 1131..1418 -> 287-tiles track
0 time step
1 time step
2 time step
3 time step
4 time step
5 time step
6 time step
7 time step
8 time step
9 time step
10 time step
11 time step
Track generation: 1048..1314 -> 266-tiles track
0 time step
1 time step
2 time step
3 time step
4 time step
5 time step
6 time step
7 time step
8 time step
9 time step
10 time step
11 time step
Track generation: 1216..1524 -> 308-tiles track
0 time step
1 time step
2 time step
