Loading VAE at epoch 1 with test loss 40.67625687866211
Loading MDRNN at epoch 0 with test loss 322.78018695116043
Track generation: 1304..1634 -> 330-tiles track
0 time step
1 time step
2 time step
3 time step
4 time step
5 time step
6 time step
7 time step
8 time step
9 time step
10 time step
11 time step
Track generation: 1275..1598 -> 323-tiles track
0 time step
1 time step
2 time step
3 time step
4 time step
5 time step
6 time step
7 time step
8 time step
9 time step
10 time step
11 time step
Track generation: 1159..1453 -> 294-tiles track
0 time step
1 time step
2 time step
3 time step
4 time step
5 time step
6 time step
7 time step
8 time step
9 time step
10 time step
11 time step
Track generation: 1228..1539 -> 311-tiles track
0 time step
1 time step
2 time step
3 time step
4 time step
5 time step
6 time step
7 time step
8 time step
9 time step
10 time step
11 time step
Track generation: 1026..1291 -> 265-tiles track
0 time step
1 time step
2 time step
3 time step
4 time step
5 time step
6 time step
7 time step
8 time step
9 time step
10 time step
11 time step
Track generation: 1073..1349 -> 276-tiles track
0 time step
1 time step
2 time step
3 time step
4 time step
5 time step
6 time step
7 time step
8 time step
9 time step
10 time step
11 time step
Track generation: 1090..1374 -> 284-tiles track
0 time step
1 time step
2 time step
3 time step
4 time step
5 time step
6 time step
7 time step
8 time step
9 time step
10 time step
11 time step
Track generation: 1063..1333 -> 270-tiles track
0 time step
1 time step
2 time step
3 time step
4 time step
5 time step
6 time step
7 time step
8 time step
9 time step
10 time step
11 time step
Track generation: 1242..1560 -> 318-tiles track
0 time step
1 time step
2 time step
3 time step
4 time step
5 time step
6 time step
7 time step
8 time step
9 time step
10 time step
11 time step
Track generation: 1060..1337 -> 277-tiles track
0 time step
1 time step
2 time step
3 time step
4 time step
5 time step
6 time step
7 time step
8 time step
9 time step
10 time step
11 time step
Track generation: 1210..1516 -> 306-tiles track
0 time step
1 time step
2 time step
3 time step
4 time step
5 time step
6 time step
7 time step
8 time step
9 time step
10 time step
11 time step
Track generation: 1037..1309 -> 272-tiles track
0 time step
1 time step
2 time step
3 time step
4 time step
5 time step
6 time step
7 time step
8 time step
9 time step
10 time step
11 time step
Track generation: 1146..1437 -> 291-tiles track
0 time step
1 time step
2 time step
3 time step
4 time step
5 time step
6 time step
7 time step
8 time step
9 time step
10 time step
11 time step
Track generation: 1094..1375 -> 281-tiles track
retry to generate track (normal if there are not many of this messages)
Track generation: 1055..1328 -> 273-tiles track
0 time step
1 time step
2 time step
3 time step
4 time step
5 time step
6 time step
7 time step
8 time step
9 time step
10 time step
11 time step
Track generation: 1207..1513 -> 306-tiles track
0 time step
1 time step
2 time step
3 time step
4 time step
5 time step
6 time step
7 time step
8 time step
9 time step
10 time step
11 time step
Track generation: 1132..1419 -> 287-tiles track
0 time step
1 time step
2 time step
3 time step
4 time step
5 time step
6 time step
7 time step
8 time step
9 time step
10 time step
11 time step
Track generation: 1103..1393 -> 290-tiles track
retry to generate track (normal if there are not many of this messages)
Track generation: 1101..1380 -> 279-tiles track
0 time step
1 time step
2 time step
3 time step
4 time step
5 time step
6 time step
7 time step
8 time step
9 time step
10 time step
11 time step
Track generation: 1020..1285 -> 265-tiles track
0 time step
1 time step
2 time step
3 time step
4 time step
5 time step
6 time step
7 time step
8 time step
9 time step
10 time step
11 time step
Track generation: 1064..1334 -> 270-tiles track
0 time step
1 time step
2 time step
3 time step
4 time step
5 time step
6 time step
7 time step
8 time step
9 time step
10 time step
11 time step
Track generation: 1221..1530 -> 309-tiles track
0 time step
1 time step
2 time step
3 time step
4 time step
5 time step
6 time step
7 time step
8 time step
9 time step
10 time step
11 time step
Track generation: 1087..1368 -> 281-tiles track
0 time step
1 time step
2 time step
3 time step
4 time step
5 time step
6 time step
7 time step
8 time step
9 time step
10 time step
11 time step
Track generation: 1020..1279 -> 259-tiles track
0 time step
1 time step
2 time step
3 time step
4 time step
5 time step
6 time step
7 time step
8 time step
9 time step
10 time step
11 time step
Track generation: 1297..1625 -> 328-tiles track
0 time step
1 time step
2 time step
3 time step
4 time step
5 time step
6 time step
7 time step
8 time step
9 time step
10 time step
11 time step
Track generation: 1031..1293 -> 262-tiles track
0 time step
1 time step
2 time step
3 time step
4 time step
5 time step
6 time step
7 time step
8 time step
9 time step
10 time step
11 time step
Track generation: 1089..1365 -> 276-tiles track
0 time step
1 time step
2 time step
3 time step
4 time step
5 time step
6 time step
7 time step
8 time step
9 time step
10 time step
11 time step
Track generation: 1155..1448 -> 293-tiles track
0 time step
1 time step
2 time step
3 time step
4 time step
5 time step
6 time step
7 time step
8 time step
9 time step
10 time step
11 time step
Track generation: 1104..1389 -> 285-tiles track
0 time step
1 time step
2 time step
3 time step
4 time step
5 time step
6 time step
7 time step
8 time step
9 time step
10 time step
11 time step
Track generation: 1055..1323 -> 268-tiles track
0 time step
1 time step
2 time step
3 time step
4 time step
5 time step
6 time step
7 time step
8 time step
9 time step
10 time step
11 time step
Track generation: 1234..1546 -> 312-tiles track
0 time step
1 time step
2 time step
3 time step
4 time step
5 time step
6 time step
7 time step
8 time step
9 time step
10 time step
11 time step
Track generation: 1355..1698 -> 343-tiles track
0 time step
1 time step
2 time step
3 time step
4 time step
5 time step
6 time step
7 time step
8 time step
9 time step
10 time step
11 time step
Track generation: 956..1202 -> 246-tiles track
retry to generate track (normal if there are not many of this messages)
Track generation: 1060..1329 -> 269-tiles track
0 time step
1 time step
2 time step
3 time step
4 time step
5 time step
6 time step
7 time step
8 time step
9 time step
10 time step
11 time step
Track generation: 1248..1564 -> 316-tiles track
0 time step
1 time step
2 time step
3 time step
4 time step
5 time step
6 time step
7 time step
8 time step
9 time step
10 time step
11 time step
Track generation: 1196..1499 -> 303-tiles track
0 time step
1 time step
2 time step
3 time step
4 time step
5 time step
6 time step
7 time step
8 time step
9 time step
10 time step
11 time step
Track generation: 1155..1448 -> 293-tiles track
0 time step
1 time step
2 time step
3 time step
4 time step
5 time step
6 time step
7 time step
8 time step
9 time step
10 time step
11 time step
Track generation: 1064..1338 -> 274-tiles track
0 time step
1 time step
2 time step
3 time step
4 time step
5 time step
6 time step
7 time step
8 time step
9 time step
10 time step
11 time step
Track generation: 1126..1422 -> 296-tiles track
0 time step
1 time step
2 time step
3 time step
4 time step
5 time step
6 time step
7 time step
8 time step
9 time step
10 time step
11 time step
Track generation: 1116..1402 -> 286-tiles track
retry to generate track (normal if there are not many of this messages)
Track generation: 1099..1378 -> 279-tiles track
0 time step
1 time step
2 time step
3 time step
4 time step
5 time step
6 time step
7 time step
8 time step
9 time step
10 time step
11 time step
Track generation: 1173..1470 -> 297-tiles track
0 time step
1 time step
2 time step
3 time step
4 time step
5 time step
6 time step
7 time step
8 time step
9 time step
10 time step
11 time step
Track generation: 1102..1382 -> 280-tiles track
0 time step
1 time step
2 time step
3 time step
4 time step
5 time step
6 time step
7 time step
8 time step
9 time step
10 time step
11 time step
Track generation: 969..1221 -> 252-tiles track
0 time step
1 time step
2 time step
3 time step
4 time step
5 time step
6 time step
7 time step
8 time step
9 time step
10 time step
11 time step
Track generation: 1208..1514 -> 306-tiles track
0 time step
1 time step
2 time step
3 time step
4 time step
5 time step
6 time step
7 time step
8 time step
9 time step
10 time step
11 time step
Track generation: 1247..1570 -> 323-tiles track
0 time step
1 time step
2 time step
3 time step
4 time step
5 time step
6 time step
7 time step
8 time step
9 time step
10 time step
11 time step
Track generation: 1116..1399 -> 283-tiles track
0 time step
1 time step
2 time step
3 time step
4 time step
5 time step
6 time step
7 time step
8 time step
9 time step
10 time step
11 time step
Track generation: 1140..1429 -> 289-tiles track
0 time step
1 time step
2 time step
3 time step
4 time step
5 time step
6 time step
7 time step
8 time step
9 time step
10 time step
11 time step
Track generation: 1137..1426 -> 289-tiles track
0 time step
1 time step
2 time step
3 time step
4 time step
5 time step
6 time step
7 time step
8 time step
9 time step
10 time step
11 time step
Track generation: 1295..1623 -> 328-tiles track
0 time step
1 time step
2 time step
3 time step
4 time step
5 time step
6 time step
7 time step
8 time step
9 time step
10 time step
11 time step
Track generation: 998..1258 -> 260-tiles track
0 time step
1 time step
2 time step
3 time step
4 time step
5 time step
6 time step
7 time step
8 time step
9 time step
10 time step
11 time step
Track generation: 1256..1574 -> 318-tiles track
0 time step
1 time step
2 time step
3 time step
4 time step
5 time step
6 time step
7 time step
8 time step
9 time step
10 time step
11 time step
Track generation: 1276..1599 -> 323-tiles track
0 time step
1 time step
2 time step
3 time step
4 time step
5 time step
6 time step
7 time step
8 time step
9 time step
10 time step
11 time step
Track generation: 1047..1322 -> 275-tiles track
0 time step
1 time step
2 time step
3 time step
4 time step
5 time step
6 time step
7 time step
8 time step
9 time step
10 time step
11 time step
Track generation: 1073..1354 -> 281-tiles track
0 time step
1 time step
2 time step
3 time step
4 time step
5 time step
6 time step
7 time step
8 time step
9 time step
10 time step
11 time step
Track generation: 1034..1301 -> 267-tiles track
0 time step
1 time step
2 time step
3 time step
4 time step
5 time step
6 time step
7 time step
8 time step
9 time step
10 time step
11 time step
Track generation: 1222..1538 -> 316-tiles track
0 time step
1 time step
2 time step
3 time step
4 time step
5 time step
6 time step
7 time step
8 time step
9 time step
10 time step
11 time step
Track generation: 1207..1510 -> 303-tiles track
0 time step
1 time step
2 time step
3 time step
4 time step
5 time step
6 time step
7 time step
8 time step
9 time step
10 time step
11 time step
Track generation: 1141..1431 -> 290-tiles track
0 time step
1 time step
2 time step
3 time step
4 time step
5 time step
6 time step
7 time step
8 time step
9 time step
10 time step
11 time step
Track generation: 1283..1608 -> 325-tiles track
0 time step
1 time step
2 time step
3 time step
4 time step
5 time step
6 time step
7 time step
8 time step
9 time step
10 time step
11 time step
Track generation: 1207..1513 -> 306-tiles track
0 time step
1 time step
2 time step
3 time step
4 time step
5 time step
6 time step
7 time step
8 time step
9 time step
10 time step
11 time step
Track generation: 1156..1458 -> 302-tiles track
0 time step
1 time step
2 time step
3 time step
4 time step
5 time step
6 time step
7 time step
8 time step
9 time step
10 time step
11 time step
Track generation: 1136..1424 -> 288-tiles track
0 time step
1 time step
2 time step
3 time step
4 time step
5 time step
6 time step
7 time step
8 time step
9 time step
10 time step
11 time step
Track generation: 1158..1460 -> 302-tiles track
0 time step
1 time step
2 time step
3 time step
4 time step
5 time step
6 time step
7 time step
8 time step
9 time step
10 time step
11 time step
Track generation: 1150..1442 -> 292-tiles track
0 time step
1 time step
2 time step
3 time step
4 time step
5 time step
6 time step
7 time step
8 time step
9 time step
10 time step
11 time step
Track generation: 1105..1394 -> 289-tiles track
0 time step
