Loading VAE at epoch 1 with test loss 40.67625687866211
Loading MDRNN at epoch 0 with test loss 322.78018695116043
Loading Controller with reward 9.258644621158423
Track generation: 1124..1409 -> 285-tiles track
0 time step
1 time step
2 time step
3 time step
4 time step
5 time step
6 time step
7 time step
8 time step
9 time step
10 time step
11 time step
12 time step
13 time step
14 time step
15 time step
16 time step
17 time step
18 time step
19 time step
20 time step
21 time step
22 time step
23 time step
24 time step
25 time step
26 time step
27 time step
28 time step
29 time step
30 time step
31 time step
32 time step
33 time step
34 time step
35 time step
36 time step
37 time step
38 time step
39 time step
40 time step
41 time step
42 time step
43 time step
44 time step
45 time step
46 time step
47 time step
48 time step
49 time step
50 time step
51 time step
52 time step
53 time step
54 time step
55 time step
56 time step
57 time step
58 time step
59 time step
60 time step
61 time step
62 time step
63 time step
