/home/vishaal/.local/lib/python3.5/site-packages/torch/nn/functional.py:1006: UserWarning: nn.functional.sigmoid is deprecated. Use torch.sigmoid instead.
  warnings.warn("nn.functional.sigmoid is deprecated. Use torch.sigmoid instead.")
Process Process-10:
Traceback (most recent call last):
  File "/usr/lib/python3.5/multiprocessing/process.py", line 249, in _bootstrap
    self.run()
  File "/usr/lib/python3.5/multiprocessing/process.py", line 93, in run
    self._target(*self._args, **self._kwargs)
  File "traincontroller_pepg_vae.py", line 103, in slave_routine
    r_queue.put((s_id, r_gen.rollout(params)))
  File "/home/vishaal/Desktop/Projects/RL/world-models-master/utils/misc.py", line 192, in rollout
    action, hidden = self.get_action_and_transition(obs, hidden)
  File "/home/vishaal/Desktop/Projects/RL/world-models-master/utils/misc.py", line 160, in get_action_and_transition
    _, latent_mu, _ = self.vae(obs)
  File "/home/vishaal/.local/lib/python3.5/site-packages/torch/nn/modules/module.py", line 477, in __call__
    result = self.forward(*input, **kwargs)
  File "/home/vishaal/Desktop/Projects/RL/world-models-master/models/vae.py", line 74, in forward
    recon_x = self.decoder(z)
  File "/home/vishaal/.local/lib/python3.5/site-packages/torch/nn/modules/module.py", line 477, in __call__
    result = self.forward(*input, **kwargs)
  File "/home/vishaal/Desktop/Projects/RL/world-models-master/models/vae.py", line 29, in forward
    reconstruction = F.sigmoid(self.deconv4(x))
  File "/home/vishaal/.local/lib/python3.5/site-packages/torch/nn/functional.py", line 1007, in sigmoid
    return input.sigmoid()
KeyboardInterrupt
